<?xml version="1.0" encoding="UTF-8"?>
<!-- Generated by org.testng.reporters.JUnitXMLReporter -->
<testsuite ignored="8" hostname="SASI-laptop" failures="0" tests="22" name="Surefire test" time="217.233" errors="0" timestamp="2025-09-09T15:52:15 IST">
  <testcase classname="io.cucumber.testng.AbstractTestNGCucumberTests" name="runScenario" time="20.458"/>
  <testcase classname="io.cucumber.testng.AbstractTestNGCucumberTests" name="runScenario" time="10.629"/>
  <testcase classname="io.cucumber.testng.AbstractTestNGCucumberTests" name="runScenario" time="13.916"/>
  <testcase classname="io.cucumber.testng.AbstractTestNGCucumberTests" name="runScenario" time="19.366"/>
  <testcase classname="io.cucumber.testng.AbstractTestNGCucumberTests" name="runScenario" time="14.194"/>
  <testcase classname="io.cucumber.testng.AbstractTestNGCucumberTests" name="runScenario" time="13.779"/>
  <testcase classname="tests.CartTest" name="testProceedToCheckoutFromCart" time="6.471"/>
  <testcase classname="tests.LoginTest" name="testUserLoginWithValidCredentials" time="2.238"/>
  <testcase classname="tests.LoginTest" name="testUserLoginWithInvalidCredentials" time="1.842"/>
  <testcase classname="tests.LoginTest" name="testUserLogout" time="3.941"/>
  <testcase classname="tests.LoginTest" name="testLoginWithEmptyCredentials" time="2.178"/>
  <testcase classname="tests.LoginTest" name="testLoginWithEmptyPassword" time="2.742"/>
  <testcase classname="tests.ProductTest" name="testViewProductDetails" time="0.775"/>
  <testcase classname="tests.ProductTest" name="testAddConfigurableProductToCart" time="6.28"/>
  <testcase classname="tests.ProductTest" name="testAddSimpleProductToCartFromCategory" time="2.225"/>
  <testcase classname="tests.ProductTest" name="testProductSearchFunctionality" time="3.01"/>
  <testcase classname="tests.ProductTest" name="testProductFilterFunctionality" time="1.451"/>
  <testcase classname="tests.RegisterTest" name="testUserRegistrationWithValidCredentials" time="4.678"/>
  <testcase classname="tests.RegisterTest" name="testUserRegistrationWithExistingEmail" time="3.245"/>
  <testcase classname="tests.RegisterTest" name="testUserRegistrationWithPasswordMismatch" time="9.989"/>
  <testcase classname="tests.RegisterTest" name="testUserRegistrationWithWeakPassword" time="9.0"/>
  <testcase classname="tests.RegisterTest" name="testUserRegistrationWithEmptyFields" time="1.244"/>
  <testcase classname="tests.BaseTest" name="@AfterSuite tearDownSuite" time="0.0">
    <ignored/>
  </testcase> <!-- @AfterSuite tearDownSuite -->
  <testcase classname="tests.BaseTest" name="@BeforeSuite setUpSuite" time="0.0">
    <ignored/>
  </testcase> <!-- @BeforeSuite setUpSuite -->
  <testcase classname="tests.BaseTest" name="@BeforeSuite setUpSuite" time="0.0">
    <ignored/>
  </testcase> <!-- @BeforeSuite setUpSuite -->
  <testcase classname="tests.BaseTest" name="@BeforeSuite setUpSuite" time="0.0">
    <ignored/>
  </testcase> <!-- @BeforeSuite setUpSuite -->
  <testcase classname="tests.BaseTest" name="@AfterSuite tearDownSuite" time="0.0">
    <ignored/>
  </testcase> <!-- @AfterSuite tearDownSuite -->
  <testcase classname="tests.BaseTest" name="@AfterSuite tearDownSuite" time="0.0">
    <ignored/>
  </testcase> <!-- @AfterSuite tearDownSuite -->
  <testcase classname="tests.BaseTest" name="@BeforeSuite setUpSuite" time="0.0">
    <ignored/>
  </testcase> <!-- @BeforeSuite setUpSuite -->
  <testcase classname="tests.BaseTest" name="@AfterSuite tearDownSuite" time="0.0">
    <ignored/>
  </testcase> <!-- @AfterSuite tearDownSuite -->
</testsuite> <!-- Surefire test -->
