<?xml version="1.0" encoding="UTF-8"?>
<testng-results ignored="0" total="22" passed="22" failed="0" skipped="0">
  <reporter-output>
  </reporter-output>
  <suite started-at="2025-09-09T15:48:37 IST" name="Surefire suite" finished-at="2025-09-09T15:52:14 IST" duration-ms="217233">
    <groups>
      <group name="cucumber">
        <method signature="AbstractTestNGCucumberTests.runScenario(io.cucumber.testng.PickleWrapper,io.cucumber.testng.FeatureWrapper)[pri:0, instance:runner.TestRunner@4fb61f4a]" name="runScenario" class="io.cucumber.testng.AbstractTestNGCucumberTests"/>
      </group> <!-- cucumber -->
    </groups>
    <test started-at="2025-09-09T15:48:37 IST" name="Surefire test" finished-at="2025-09-09T15:52:14 IST" duration-ms="217233">
      <class name="tests.LoginTest">
        <test-method is-config="true" signature="setUp(java.lang.String,java.lang.reflect.Method)[pri:0, instance:tests.LoginTest@79e2c065]" started-at="2025-09-09T15:50:22 IST" name="setUp" finished-at="2025-09-09T15:50:25 IST" duration-ms="2885" status="PASS">
          <params>
            <param index="0">
              <value>
                <![CDATA[chrome]]>
              </value>
            </param>
            <param index="1">
              <value>
                <![CDATA[public void tests.LoginTest.testUserLoginWithValidCredentials()]]>
              </value>
            </param>
          </params>
          <reporter-output>
          </reporter-output>
        </test-method> <!-- setUp -->
        <test-method signature="testUserLoginWithValidCredentials()[pri:1, instance:tests.LoginTest@79e2c065]" started-at="2025-09-09T15:50:25 IST" name="testUserLoginWithValidCredentials" description="Verify user can login with valid credentials" finished-at="2025-09-09T15:50:27 IST" duration-ms="2238" status="PASS">
          <reporter-output>
          </reporter-output>
        </test-method> <!-- testUserLoginWithValidCredentials -->
        <test-method is-config="true" signature="tearDown(org.testng.ITestResult)[pri:0, instance:tests.LoginTest@79e2c065]" started-at="2025-09-09T15:50:27 IST" name="tearDown" finished-at="2025-09-09T15:50:28 IST" duration-ms="508" status="PASS">
          <params>
            <param index="0">
              <value>
                <![CDATA[[TestResult name=testUserLoginWithValidCredentials status=SUCCESS method=LoginTest.testUserLoginWithValidCredentials()[pri:1, instance:tests.LoginTest@79e2c065] output={null}]]]>
              </value>
            </param>
          </params>
          <reporter-output>
          </reporter-output>
        </test-method> <!-- tearDown -->
        <test-method is-config="true" signature="setUp(java.lang.String,java.lang.reflect.Method)[pri:0, instance:tests.LoginTest@79e2c065]" started-at="2025-09-09T15:50:28 IST" name="setUp" finished-at="2025-09-09T15:50:30 IST" duration-ms="2650" status="PASS">
          <params>
            <param index="0">
              <value>
                <![CDATA[chrome]]>
              </value>
            </param>
            <param index="1">
              <value>
                <![CDATA[public void tests.LoginTest.testUserLoginWithInvalidCredentials()]]>
              </value>
            </param>
          </params>
          <reporter-output>
          </reporter-output>
        </test-method> <!-- setUp -->
        <test-method signature="testUserLoginWithInvalidCredentials()[pri:2, instance:tests.LoginTest@79e2c065]" started-at="2025-09-09T15:50:30 IST" name="testUserLoginWithInvalidCredentials" description="Verify login fails with invalid credentials" finished-at="2025-09-09T15:50:32 IST" duration-ms="1842" status="PASS">
          <reporter-output>
          </reporter-output>
        </test-method> <!-- testUserLoginWithInvalidCredentials -->
        <test-method is-config="true" signature="tearDown(org.testng.ITestResult)[pri:0, instance:tests.LoginTest@79e2c065]" started-at="2025-09-09T15:50:32 IST" name="tearDown" finished-at="2025-09-09T15:50:32 IST" duration-ms="268" status="PASS">
          <params>
            <param index="0">
              <value>
                <![CDATA[[TestResult name=testUserLoginWithInvalidCredentials status=SUCCESS method=LoginTest.testUserLoginWithInvalidCredentials()[pri:2, instance:tests.LoginTest@79e2c065] output={null}]]]>
              </value>
            </param>
          </params>
          <reporter-output>
          </reporter-output>
        </test-method> <!-- tearDown -->
        <test-method is-config="true" signature="setUp(java.lang.String,java.lang.reflect.Method)[pri:0, instance:tests.LoginTest@79e2c065]" started-at="2025-09-09T15:50:32 IST" name="setUp" finished-at="2025-09-09T15:50:36 IST" duration-ms="3839" status="PASS">
          <params>
            <param index="0">
              <value>
                <![CDATA[chrome]]>
              </value>
            </param>
            <param index="1">
              <value>
                <![CDATA[public void tests.LoginTest.testUserLogout()]]>
              </value>
            </param>
          </params>
          <reporter-output>
          </reporter-output>
        </test-method> <!-- setUp -->
        <test-method signature="testUserLogout()[pri:3, instance:tests.LoginTest@79e2c065]" started-at="2025-09-09T15:50:36 IST" name="testUserLogout" description="Verify user can logout successfully" finished-at="2025-09-09T15:50:40 IST" duration-ms="3941" status="PASS">
          <reporter-output>
          </reporter-output>
        </test-method> <!-- testUserLogout -->
        <test-method is-config="true" signature="tearDown(org.testng.ITestResult)[pri:0, instance:tests.LoginTest@79e2c065]" started-at="2025-09-09T15:50:40 IST" name="tearDown" finished-at="2025-09-09T15:50:41 IST" duration-ms="750" status="PASS">
          <params>
            <param index="0">
              <value>
                <![CDATA[[TestResult name=testUserLogout status=SUCCESS method=LoginTest.testUserLogout()[pri:3, instance:tests.LoginTest@79e2c065] output={null}]]]>
              </value>
            </param>
          </params>
          <reporter-output>
          </reporter-output>
        </test-method> <!-- tearDown -->
        <test-method is-config="true" signature="setUp(java.lang.String,java.lang.reflect.Method)[pri:0, instance:tests.LoginTest@79e2c065]" started-at="2025-09-09T15:50:41 IST" name="setUp" finished-at="2025-09-09T15:50:44 IST" duration-ms="2591" status="PASS">
          <params>
            <param index="0">
              <value>
                <![CDATA[chrome]]>
              </value>
            </param>
            <param index="1">
              <value>
                <![CDATA[public void tests.LoginTest.testLoginWithEmptyCredentials()]]>
              </value>
            </param>
          </params>
          <reporter-output>
          </reporter-output>
        </test-method> <!-- setUp -->
        <test-method signature="testLoginWithEmptyCredentials()[pri:4, instance:tests.LoginTest@79e2c065]" started-at="2025-09-09T15:50:44 IST" name="testLoginWithEmptyCredentials" description="Verify login fails with empty credentials" finished-at="2025-09-09T15:50:46 IST" duration-ms="2178" status="PASS">
          <reporter-output>
          </reporter-output>
        </test-method> <!-- testLoginWithEmptyCredentials -->
        <test-method is-config="true" signature="tearDown(org.testng.ITestResult)[pri:0, instance:tests.LoginTest@79e2c065]" started-at="2025-09-09T15:50:46 IST" name="tearDown" finished-at="2025-09-09T15:50:46 IST" duration-ms="491" status="PASS">
          <params>
            <param index="0">
              <value>
                <![CDATA[[TestResult name=testLoginWithEmptyCredentials status=SUCCESS method=LoginTest.testLoginWithEmptyCredentials()[pri:4, instance:tests.LoginTest@79e2c065] output={null}]]]>
              </value>
            </param>
          </params>
          <reporter-output>
          </reporter-output>
        </test-method> <!-- tearDown -->
        <test-method is-config="true" signature="setUp(java.lang.String,java.lang.reflect.Method)[pri:0, instance:tests.LoginTest@79e2c065]" started-at="2025-09-09T15:50:46 IST" name="setUp" finished-at="2025-09-09T15:50:50 IST" duration-ms="3675" status="PASS">
          <params>
            <param index="0">
              <value>
                <![CDATA[chrome]]>
              </value>
            </param>
            <param index="1">
              <value>
                <![CDATA[public void tests.LoginTest.testLoginWithEmptyPassword()]]>
              </value>
            </param>
          </params>
          <reporter-output>
          </reporter-output>
        </test-method> <!-- setUp -->
        <test-method signature="testLoginWithEmptyPassword()[pri:5, instance:tests.LoginTest@79e2c065]" started-at="2025-09-09T15:50:50 IST" name="testLoginWithEmptyPassword" description="Verify login fails with valid email but empty password" finished-at="2025-09-09T15:50:53 IST" duration-ms="2742" status="PASS">
          <reporter-output>
          </reporter-output>
        </test-method> <!-- testLoginWithEmptyPassword -->
        <test-method is-config="true" signature="tearDown(org.testng.ITestResult)[pri:0, instance:tests.LoginTest@79e2c065]" started-at="2025-09-09T15:50:53 IST" name="tearDown" finished-at="2025-09-09T15:50:53 IST" duration-ms="229" status="PASS">
          <params>
            <param index="0">
              <value>
                <![CDATA[[TestResult name=testLoginWithEmptyPassword status=SUCCESS method=LoginTest.testLoginWithEmptyPassword()[pri:5, instance:tests.LoginTest@79e2c065] output={null}]]]>
              </value>
            </param>
          </params>
          <reporter-output>
          </reporter-output>
        </test-method> <!-- tearDown -->
      </class> <!-- tests.LoginTest -->
      <class name="tests.BaseTest">
        <test-method is-config="true" signature="setUpSuite()[pri:0, instance:tests.BaseTest@38c6f217]" started-at="2025-09-09T15:48:36 IST" name="setUpSuite" finished-at="2025-09-09T15:48:37 IST" duration-ms="784" status="PASS">
          <reporter-output>
          </reporter-output>
        </test-method> <!-- setUpSuite -->
        <test-method is-config="true" signature="tearDownSuite()[pri:0, instance:tests.BaseTest@38c6f217]" started-at="2025-09-09T15:52:15 IST" name="tearDownSuite" finished-at="2025-09-09T15:52:16 IST" duration-ms="1149" status="PASS">
          <reporter-output>
          </reporter-output>
        </test-method> <!-- tearDownSuite -->
      </class> <!-- tests.BaseTest -->
      <class name="tests.CartTest">
        <test-method is-config="true" signature="setUp(java.lang.String,java.lang.reflect.Method)[pri:0, instance:tests.CartTest@478190fc]" started-at="2025-09-09T15:50:11 IST" name="setUp" finished-at="2025-09-09T15:50:15 IST" duration-ms="3843" status="PASS">
          <params>
            <param index="0">
              <value>
                <![CDATA[chrome]]>
              </value>
            </param>
            <param index="1">
              <value>
                <![CDATA[public void tests.CartTest.testProceedToCheckoutFromCart()]]>
              </value>
            </param>
          </params>
          <reporter-output>
          </reporter-output>
        </test-method> <!-- setUp -->
        <test-method signature="testProceedToCheckoutFromCart()[pri:1, instance:tests.CartTest@478190fc]" started-at="2025-09-09T15:50:15 IST" name="testProceedToCheckoutFromCart" description="Verify user can proceed to checkout from cart" finished-at="2025-09-09T15:50:22 IST" duration-ms="6471" status="PASS">
          <reporter-output>
          </reporter-output>
        </test-method> <!-- testProceedToCheckoutFromCart -->
        <test-method is-config="true" signature="tearDown(org.testng.ITestResult)[pri:0, instance:tests.CartTest@478190fc]" started-at="2025-09-09T15:50:22 IST" name="tearDown" finished-at="2025-09-09T15:50:22 IST" duration-ms="301" status="PASS">
          <params>
            <param index="0">
              <value>
                <![CDATA[[TestResult name=testProceedToCheckoutFromCart status=SUCCESS method=CartTest.testProceedToCheckoutFromCart()[pri:1, instance:tests.CartTest@478190fc] output={null}]]]>
              </value>
            </param>
          </params>
          <reporter-output>
          </reporter-output>
        </test-method> <!-- tearDown -->
      </class> <!-- tests.CartTest -->
      <class name="tests.ProductTest">
        <test-method is-config="true" signature="setUp(java.lang.String,java.lang.reflect.Method)[pri:0, instance:tests.ProductTest@3a93b025]" started-at="2025-09-09T15:50:53 IST" name="setUp" finished-at="2025-09-09T15:50:56 IST" duration-ms="3541" status="PASS">
          <params>
            <param index="0">
              <value>
                <![CDATA[chrome]]>
              </value>
            </param>
            <param index="1">
              <value>
                <![CDATA[public void tests.ProductTest.testViewProductDetails()]]>
              </value>
            </param>
          </params>
          <reporter-output>
          </reporter-output>
        </test-method> <!-- setUp -->
        <test-method signature="testViewProductDetails()[pri:1, instance:tests.ProductTest@3a93b025]" started-at="2025-09-09T15:50:56 IST" name="testViewProductDetails" description="Verify user can view product details" finished-at="2025-09-09T15:50:57 IST" duration-ms="775" status="PASS">
          <reporter-output>
          </reporter-output>
        </test-method> <!-- testViewProductDetails -->
        <test-method is-config="true" signature="tearDown(org.testng.ITestResult)[pri:0, instance:tests.ProductTest@3a93b025]" started-at="2025-09-09T15:50:57 IST" name="tearDown" finished-at="2025-09-09T15:50:58 IST" duration-ms="322" status="PASS">
          <params>
            <param index="0">
              <value>
                <![CDATA[[TestResult name=testViewProductDetails status=SUCCESS method=ProductTest.testViewProductDetails()[pri:1, instance:tests.ProductTest@3a93b025] output={null}]]]>
              </value>
            </param>
          </params>
          <reporter-output>
          </reporter-output>
        </test-method> <!-- tearDown -->
        <test-method is-config="true" signature="setUp(java.lang.String,java.lang.reflect.Method)[pri:0, instance:tests.ProductTest@3a93b025]" started-at="2025-09-09T15:50:58 IST" name="setUp" finished-at="2025-09-09T15:51:01 IST" duration-ms="3021" status="PASS">
          <params>
            <param index="0">
              <value>
                <![CDATA[chrome]]>
              </value>
            </param>
            <param index="1">
              <value>
                <![CDATA[public void tests.ProductTest.testAddConfigurableProductToCart()]]>
              </value>
            </param>
          </params>
          <reporter-output>
          </reporter-output>
        </test-method> <!-- setUp -->
        <test-method signature="testAddConfigurableProductToCart()[pri:2, instance:tests.ProductTest@3a93b025]" started-at="2025-09-09T15:51:01 IST" name="testAddConfigurableProductToCart" description="Verify user can configure and add product to cart" finished-at="2025-09-09T15:51:07 IST" duration-ms="6280" status="PASS">
          <reporter-output>
          </reporter-output>
        </test-method> <!-- testAddConfigurableProductToCart -->
        <test-method is-config="true" signature="tearDown(org.testng.ITestResult)[pri:0, instance:tests.ProductTest@3a93b025]" started-at="2025-09-09T15:51:07 IST" name="tearDown" finished-at="2025-09-09T15:51:07 IST" duration-ms="580" status="PASS">
          <params>
            <param index="0">
              <value>
                <![CDATA[[TestResult name=testAddConfigurableProductToCart status=SUCCESS method=ProductTest.testAddConfigurableProductToCart()[pri:2, instance:tests.ProductTest@3a93b025] output={null}]]]>
              </value>
            </param>
          </params>
          <reporter-output>
          </reporter-output>
        </test-method> <!-- tearDown -->
        <test-method is-config="true" signature="setUp(java.lang.String,java.lang.reflect.Method)[pri:0, instance:tests.ProductTest@3a93b025]" started-at="2025-09-09T15:51:07 IST" name="setUp" finished-at="2025-09-09T15:51:10 IST" duration-ms="2804" status="PASS">
          <params>
            <param index="0">
              <value>
                <![CDATA[chrome]]>
              </value>
            </param>
            <param index="1">
              <value>
                <![CDATA[public void tests.ProductTest.testAddSimpleProductToCartFromCategory()]]>
              </value>
            </param>
          </params>
          <reporter-output>
          </reporter-output>
        </test-method> <!-- setUp -->
        <test-method signature="testAddSimpleProductToCartFromCategory()[pri:3, instance:tests.ProductTest@3a93b025]" started-at="2025-09-09T15:51:10 IST" name="testAddSimpleProductToCartFromCategory" description="Verify user can add simple product to cart from category page" finished-at="2025-09-09T15:51:12 IST" duration-ms="2225" status="PASS">
          <reporter-output>
          </reporter-output>
        </test-method> <!-- testAddSimpleProductToCartFromCategory -->
        <test-method is-config="true" signature="tearDown(org.testng.ITestResult)[pri:0, instance:tests.ProductTest@3a93b025]" started-at="2025-09-09T15:51:12 IST" name="tearDown" finished-at="2025-09-09T15:51:13 IST" duration-ms="445" status="PASS">
          <params>
            <param index="0">
              <value>
                <![CDATA[[TestResult name=testAddSimpleProductToCartFromCategory status=SUCCESS method=ProductTest.testAddSimpleProductToCartFromCategory()[pri:3, instance:tests.ProductTest@3a93b025] output={null}]]]>
              </value>
            </param>
          </params>
          <reporter-output>
          </reporter-output>
        </test-method> <!-- tearDown -->
        <test-method is-config="true" signature="setUp(java.lang.String,java.lang.reflect.Method)[pri:0, instance:tests.ProductTest@3a93b025]" started-at="2025-09-09T15:51:13 IST" name="setUp" finished-at="2025-09-09T15:51:16 IST" duration-ms="3263" status="PASS">
          <params>
            <param index="0">
              <value>
                <![CDATA[chrome]]>
              </value>
            </param>
            <param index="1">
              <value>
                <![CDATA[public void tests.ProductTest.testProductSearchFunctionality()]]>
              </value>
            </param>
          </params>
          <reporter-output>
          </reporter-output>
        </test-method> <!-- setUp -->
        <test-method signature="testProductSearchFunctionality()[pri:4, instance:tests.ProductTest@3a93b025]" started-at="2025-09-09T15:51:16 IST" name="testProductSearchFunctionality" description="Verify product search functionality" finished-at="2025-09-09T15:51:19 IST" duration-ms="3010" status="PASS">
          <reporter-output>
          </reporter-output>
        </test-method> <!-- testProductSearchFunctionality -->
        <test-method is-config="true" signature="tearDown(org.testng.ITestResult)[pri:0, instance:tests.ProductTest@3a93b025]" started-at="2025-09-09T15:51:19 IST" name="tearDown" finished-at="2025-09-09T15:51:21 IST" duration-ms="1366" status="PASS">
          <params>
            <param index="0">
              <value>
                <![CDATA[[TestResult name=testProductSearchFunctionality status=SUCCESS method=ProductTest.testProductSearchFunctionality()[pri:4, instance:tests.ProductTest@3a93b025] output={null}]]]>
              </value>
            </param>
          </params>
          <reporter-output>
          </reporter-output>
        </test-method> <!-- tearDown -->
        <test-method is-config="true" signature="setUp(java.lang.String,java.lang.reflect.Method)[pri:0, instance:tests.ProductTest@3a93b025]" started-at="2025-09-09T15:51:21 IST" name="setUp" finished-at="2025-09-09T15:51:24 IST" duration-ms="2998" status="PASS">
          <params>
            <param index="0">
              <value>
                <![CDATA[chrome]]>
              </value>
            </param>
            <param index="1">
              <value>
                <![CDATA[public void tests.ProductTest.testProductFilterFunctionality()]]>
              </value>
            </param>
          </params>
          <reporter-output>
          </reporter-output>
        </test-method> <!-- setUp -->
        <test-method signature="testProductFilterFunctionality()[pri:5, instance:tests.ProductTest@3a93b025]" started-at="2025-09-09T15:51:24 IST" name="testProductFilterFunctionality" description="Verify product filter functionality" finished-at="2025-09-09T15:51:25 IST" duration-ms="1451" status="PASS">
          <reporter-output>
          </reporter-output>
        </test-method> <!-- testProductFilterFunctionality -->
        <test-method is-config="true" signature="tearDown(org.testng.ITestResult)[pri:0, instance:tests.ProductTest@3a93b025]" started-at="2025-09-09T15:51:25 IST" name="tearDown" finished-at="2025-09-09T15:51:25 IST" duration-ms="332" status="PASS">
          <params>
            <param index="0">
              <value>
                <![CDATA[[TestResult name=testProductFilterFunctionality status=SUCCESS method=ProductTest.testProductFilterFunctionality()[pri:5, instance:tests.ProductTest@3a93b025] output={null}]]]>
              </value>
            </param>
          </params>
          <reporter-output>
          </reporter-output>
        </test-method> <!-- tearDown -->
      </class> <!-- tests.ProductTest -->
      <class name="tests.RegisterTest">
        <test-method is-config="true" signature="setUp(java.lang.String,java.lang.reflect.Method)[pri:0, instance:tests.RegisterTest@35cabb2a]" started-at="2025-09-09T15:51:25 IST" name="setUp" finished-at="2025-09-09T15:51:29 IST" duration-ms="3702" status="PASS">
          <params>
            <param index="0">
              <value>
                <![CDATA[chrome]]>
              </value>
            </param>
            <param index="1">
              <value>
                <![CDATA[public void tests.RegisterTest.testUserRegistrationWithValidCredentials()]]>
              </value>
            </param>
          </params>
          <reporter-output>
          </reporter-output>
        </test-method> <!-- setUp -->
        <test-method signature="testUserRegistrationWithValidCredentials()[pri:1, instance:tests.RegisterTest@35cabb2a]" started-at="2025-09-09T15:51:29 IST" name="testUserRegistrationWithValidCredentials" description="Verify user can register with valid credentials" finished-at="2025-09-09T15:51:34 IST" duration-ms="4678" status="PASS">
          <reporter-output>
          </reporter-output>
        </test-method> <!-- testUserRegistrationWithValidCredentials -->
        <test-method is-config="true" signature="tearDown(org.testng.ITestResult)[pri:0, instance:tests.RegisterTest@35cabb2a]" started-at="2025-09-09T15:51:34 IST" name="tearDown" finished-at="2025-09-09T15:51:36 IST" duration-ms="1976" status="PASS">
          <params>
            <param index="0">
              <value>
                <![CDATA[[TestResult name=testUserRegistrationWithValidCredentials status=SUCCESS method=RegisterTest.testUserRegistrationWithValidCredentials()[pri:1, instance:tests.RegisterTest@35cabb2a] output={null}]]]>
              </value>
            </param>
          </params>
          <reporter-output>
          </reporter-output>
        </test-method> <!-- tearDown -->
        <test-method is-config="true" signature="setUp(java.lang.String,java.lang.reflect.Method)[pri:0, instance:tests.RegisterTest@35cabb2a]" started-at="2025-09-09T15:51:36 IST" name="setUp" finished-at="2025-09-09T15:51:39 IST" duration-ms="2939" status="PASS">
          <params>
            <param index="0">
              <value>
                <![CDATA[chrome]]>
              </value>
            </param>
            <param index="1">
              <value>
                <![CDATA[public void tests.RegisterTest.testUserRegistrationWithExistingEmail()]]>
              </value>
            </param>
          </params>
          <reporter-output>
          </reporter-output>
        </test-method> <!-- setUp -->
        <test-method signature="testUserRegistrationWithExistingEmail()[pri:2, instance:tests.RegisterTest@35cabb2a]" started-at="2025-09-09T15:51:39 IST" name="testUserRegistrationWithExistingEmail" description="Verify registration fails with existing email" finished-at="2025-09-09T15:51:42 IST" duration-ms="3245" status="PASS">
          <reporter-output>
          </reporter-output>
        </test-method> <!-- testUserRegistrationWithExistingEmail -->
        <test-method is-config="true" signature="tearDown(org.testng.ITestResult)[pri:0, instance:tests.RegisterTest@35cabb2a]" started-at="2025-09-09T15:51:42 IST" name="tearDown" finished-at="2025-09-09T15:51:43 IST" duration-ms="663" status="PASS">
          <params>
            <param index="0">
              <value>
                <![CDATA[[TestResult name=testUserRegistrationWithExistingEmail status=SUCCESS method=RegisterTest.testUserRegistrationWithExistingEmail()[pri:2, instance:tests.RegisterTest@35cabb2a] output={null}]]]>
              </value>
            </param>
          </params>
          <reporter-output>
          </reporter-output>
        </test-method> <!-- tearDown -->
        <test-method is-config="true" signature="setUp(java.lang.String,java.lang.reflect.Method)[pri:0, instance:tests.RegisterTest@35cabb2a]" started-at="2025-09-09T15:51:43 IST" name="setUp" finished-at="2025-09-09T15:51:46 IST" duration-ms="3801" status="PASS">
          <params>
            <param index="0">
              <value>
                <![CDATA[chrome]]>
              </value>
            </param>
            <param index="1">
              <value>
                <![CDATA[public void tests.RegisterTest.testUserRegistrationWithPasswordMismatch()]]>
              </value>
            </param>
          </params>
          <reporter-output>
          </reporter-output>
        </test-method> <!-- setUp -->
        <test-method signature="testUserRegistrationWithPasswordMismatch()[pri:3, instance:tests.RegisterTest@35cabb2a]" started-at="2025-09-09T15:51:46 IST" name="testUserRegistrationWithPasswordMismatch" description="Verify registration fails with password confirmation mismatch" finished-at="2025-09-09T15:51:56 IST" duration-ms="9989" status="PASS">
          <reporter-output>
          </reporter-output>
        </test-method> <!-- testUserRegistrationWithPasswordMismatch -->
        <test-method is-config="true" signature="tearDown(org.testng.ITestResult)[pri:0, instance:tests.RegisterTest@35cabb2a]" started-at="2025-09-09T15:51:56 IST" name="tearDown" finished-at="2025-09-09T15:51:57 IST" duration-ms="349" status="PASS">
          <params>
            <param index="0">
              <value>
                <![CDATA[[TestResult name=testUserRegistrationWithPasswordMismatch status=SUCCESS method=RegisterTest.testUserRegistrationWithPasswordMismatch()[pri:3, instance:tests.RegisterTest@35cabb2a] output={null}]]]>
              </value>
            </param>
          </params>
          <reporter-output>
          </reporter-output>
        </test-method> <!-- tearDown -->
        <test-method is-config="true" signature="setUp(java.lang.String,java.lang.reflect.Method)[pri:0, instance:tests.RegisterTest@35cabb2a]" started-at="2025-09-09T15:51:57 IST" name="setUp" finished-at="2025-09-09T15:52:00 IST" duration-ms="3786" status="PASS">
          <params>
            <param index="0">
              <value>
                <![CDATA[chrome]]>
              </value>
            </param>
            <param index="1">
              <value>
                <![CDATA[public void tests.RegisterTest.testUserRegistrationWithWeakPassword()]]>
              </value>
            </param>
          </params>
          <reporter-output>
          </reporter-output>
        </test-method> <!-- setUp -->
        <test-method signature="testUserRegistrationWithWeakPassword()[pri:4, instance:tests.RegisterTest@35cabb2a]" started-at="2025-09-09T15:52:00 IST" name="testUserRegistrationWithWeakPassword" description="Verify registration fails with weak password" finished-at="2025-09-09T15:52:09 IST" duration-ms="9000" status="PASS">
          <reporter-output>
          </reporter-output>
        </test-method> <!-- testUserRegistrationWithWeakPassword -->
        <test-method is-config="true" signature="tearDown(org.testng.ITestResult)[pri:0, instance:tests.RegisterTest@35cabb2a]" started-at="2025-09-09T15:52:09 IST" name="tearDown" finished-at="2025-09-09T15:52:10 IST" duration-ms="408" status="PASS">
          <params>
            <param index="0">
              <value>
                <![CDATA[[TestResult name=testUserRegistrationWithWeakPassword status=SUCCESS method=RegisterTest.testUserRegistrationWithWeakPassword()[pri:4, instance:tests.RegisterTest@35cabb2a] output={null}]]]>
              </value>
            </param>
          </params>
          <reporter-output>
          </reporter-output>
        </test-method> <!-- tearDown -->
        <test-method is-config="true" signature="setUp(java.lang.String,java.lang.reflect.Method)[pri:0, instance:tests.RegisterTest@35cabb2a]" started-at="2025-09-09T15:52:10 IST" name="setUp" finished-at="2025-09-09T15:52:13 IST" duration-ms="3130" status="PASS">
          <params>
            <param index="0">
              <value>
                <![CDATA[chrome]]>
              </value>
            </param>
            <param index="1">
              <value>
                <![CDATA[public void tests.RegisterTest.testUserRegistrationWithEmptyFields()]]>
              </value>
            </param>
          </params>
          <reporter-output>
          </reporter-output>
        </test-method> <!-- setUp -->
        <test-method signature="testUserRegistrationWithEmptyFields()[pri:5, instance:tests.RegisterTest@35cabb2a]" started-at="2025-09-09T15:52:13 IST" name="testUserRegistrationWithEmptyFields" description="Verify registration fails with empty required fields" finished-at="2025-09-09T15:52:14 IST" duration-ms="1244" status="PASS">
          <reporter-output>
          </reporter-output>
        </test-method> <!-- testUserRegistrationWithEmptyFields -->
        <test-method is-config="true" signature="tearDown(org.testng.ITestResult)[pri:0, instance:tests.RegisterTest@35cabb2a]" started-at="2025-09-09T15:52:14 IST" name="tearDown" finished-at="2025-09-09T15:52:14 IST" duration-ms="277" status="PASS">
          <params>
            <param index="0">
              <value>
                <![CDATA[[TestResult name=testUserRegistrationWithEmptyFields status=SUCCESS method=RegisterTest.testUserRegistrationWithEmptyFields()[pri:5, instance:tests.RegisterTest@35cabb2a] output={null}]]]>
              </value>
            </param>
          </params>
          <reporter-output>
          </reporter-output>
        </test-method> <!-- tearDown -->
      </class> <!-- tests.RegisterTest -->
      <class name="runner.TestRunner">
        <test-method is-config="true" signature="setUpClass(org.testng.ITestContext)[pri:0, instance:runner.TestRunner@4fb61f4a]" started-at="2025-09-09T15:48:37 IST" name="setUpClass" finished-at="2025-09-09T15:48:39 IST" duration-ms="1527" status="PASS">
          <params>
            <param index="0">
              <value>
                <![CDATA[org.testng.TestRunner@2c51ff83]]>
              </value>
            </param>
          </params>
          <reporter-output>
          </reporter-output>
        </test-method> <!-- setUpClass -->
        <test-method signature="runScenario(io.cucumber.testng.PickleWrapper,io.cucumber.testng.FeatureWrapper)[pri:0, instance:runner.TestRunner@4fb61f4a]" started-at="2025-09-09T15:48:39 IST" name="runScenario" description="Runs Cucumber Scenarios" data-provider="scenarios" finished-at="2025-09-09T15:48:59 IST" duration-ms="20458" status="PASS">
          <params>
            <param index="0">
              <value>
                <![CDATA["Successful login with valid credentials"]]>
              </value>
            </param>
            <param index="1">
              <value>
                <![CDATA["User Login"]]>
              </value>
            </param>
          </params>
          <reporter-output>
          </reporter-output>
        </test-method> <!-- runScenario -->
        <test-method signature="runScenario(io.cucumber.testng.PickleWrapper,io.cucumber.testng.FeatureWrapper)[pri:0, instance:runner.TestRunner@4fb61f4a]" started-at="2025-09-09T15:48:59 IST" name="runScenario" description="Runs Cucumber Scenarios" data-provider="scenarios" finished-at="2025-09-09T15:49:10 IST" duration-ms="10629" status="PASS">
          <params>
            <param index="0">
              <value>
                <![CDATA["Login with invalid credentials should fail"]]>
              </value>
            </param>
            <param index="1">
              <value>
                <![CDATA["User Login"]]>
              </value>
            </param>
          </params>
          <reporter-output>
          </reporter-output>
        </test-method> <!-- runScenario -->
        <test-method signature="runScenario(io.cucumber.testng.PickleWrapper,io.cucumber.testng.FeatureWrapper)[pri:0, instance:runner.TestRunner@4fb61f4a]" started-at="2025-09-09T15:49:10 IST" name="runScenario" description="Runs Cucumber Scenarios" data-provider="scenarios" finished-at="2025-09-09T15:49:24 IST" duration-ms="13916" status="PASS">
          <params>
            <param index="0">
              <value>
                <![CDATA["Successful logout"]]>
              </value>
            </param>
            <param index="1">
              <value>
                <![CDATA["User Login"]]>
              </value>
            </param>
          </params>
          <reporter-output>
          </reporter-output>
        </test-method> <!-- runScenario -->
        <test-method signature="runScenario(io.cucumber.testng.PickleWrapper,io.cucumber.testng.FeatureWrapper)[pri:0, instance:runner.TestRunner@4fb61f4a]" started-at="2025-09-09T15:49:24 IST" name="runScenario" description="Runs Cucumber Scenarios" data-provider="scenarios" finished-at="2025-09-09T15:49:43 IST" duration-ms="19366" status="PASS">
          <params>
            <param index="0">
              <value>
                <![CDATA["Successful registration with valid credentials"]]>
              </value>
            </param>
            <param index="1">
              <value>
                <![CDATA["User Registration"]]>
              </value>
            </param>
          </params>
          <reporter-output>
          </reporter-output>
        </test-method> <!-- runScenario -->
        <test-method signature="runScenario(io.cucumber.testng.PickleWrapper,io.cucumber.testng.FeatureWrapper)[pri:0, instance:runner.TestRunner@4fb61f4a]" started-at="2025-09-09T15:49:43 IST" name="runScenario" description="Runs Cucumber Scenarios" data-provider="scenarios" finished-at="2025-09-09T15:49:57 IST" duration-ms="14194" status="PASS">
          <params>
            <param index="0">
              <value>
                <![CDATA["Registration with existing email should fail"]]>
              </value>
            </param>
            <param index="1">
              <value>
                <![CDATA["User Registration"]]>
              </value>
            </param>
          </params>
          <reporter-output>
          </reporter-output>
        </test-method> <!-- runScenario -->
        <test-method signature="runScenario(io.cucumber.testng.PickleWrapper,io.cucumber.testng.FeatureWrapper)[pri:0, instance:runner.TestRunner@4fb61f4a]" started-at="2025-09-09T15:49:57 IST" name="runScenario" description="Runs Cucumber Scenarios" data-provider="scenarios" finished-at="2025-09-09T15:50:11 IST" duration-ms="13779" status="PASS">
          <params>
            <param index="0">
              <value>
                <![CDATA["Registration with password mismatch should fail"]]>
              </value>
            </param>
            <param index="1">
              <value>
                <![CDATA["User Registration"]]>
              </value>
            </param>
          </params>
          <reporter-output>
          </reporter-output>
        </test-method> <!-- runScenario -->
        <test-method is-config="true" signature="tearDownClass()[pri:0, instance:runner.TestRunner@4fb61f4a]" started-at="2025-09-09T15:50:11 IST" name="tearDownClass" finished-at="2025-09-09T15:50:11 IST" duration-ms="137" status="PASS">
          <reporter-output>
          </reporter-output>
        </test-method> <!-- tearDownClass -->
      </class> <!-- runner.TestRunner -->
    </test> <!-- Surefire test -->
  </suite> <!-- Surefire suite -->
</testng-results>
