<?xml version="1.0" encoding="UTF-8"?>
<!-- Generated by org.testng.reporters.JUnitXMLReporter -->
<testsuite ignored="0" hostname="SASI-laptop" failures="0" tests="5" name="Login Tests" time="36.579" errors="0" timestamp="2025-09-09T13:22:57 IST">
  <testcase classname="tests.LoginTest" name="testUserLoginWithValidCredentials" time="5.374"/>
  <testcase classname="tests.LoginTest" name="testUserLoginWithInvalidCredentials" time="2.027"/>
  <testcase classname="tests.LoginTest" name="testUserLogout" time="3.094"/>
  <testcase classname="tests.LoginTest" name="testLoginWithEmptyCredentials" time="0.897"/>
  <testcase classname="tests.LoginTest" name="testLoginWithEmptyPassword" time="2.122"/>
</testsuite> <!-- Login Tests -->
