<?xml version="1.0" encoding="UTF-8"?>
<!-- Generated by org.testng.reporters.JUnitXMLReporter -->
<testsuite ignored="0" hostname="SASI-laptop" failures="0" tests="5" name="Product Tests" time="39.515" errors="0" timestamp="2025-09-09T13:23:37 IST">
  <testcase classname="tests.ProductTest" name="testViewProductDetails" time="2.174"/>
  <testcase classname="tests.ProductTest" name="testAddConfigurableProductToCart" time="2.8"/>
  <testcase classname="tests.ProductTest" name="testAddSimpleProductToCartFromCategory" time="2.167"/>
  <testcase classname="tests.ProductTest" name="testProductSearchFunctionality" time="2.241"/>
  <testcase classname="tests.ProductTest" name="testProductFilterFunctionality" time="1.854"/>
</testsuite> <!-- Product Tests -->
