<?xml version="1.0" encoding="UTF-8"?>
<!-- Generated by org.testng.reporters.JUnitXMLReporter -->
<testsuite ignored="0" hostname="SASI-laptop" failures="0" tests="5" name="Register Tests" time="49.143" errors="0" timestamp="2025-09-09T13:22:21 IST">
  <testcase classname="tests.RegisterTest" name="testUserRegistrationWithValidCredentials" time="6.528"/>
  <testcase classname="tests.RegisterTest" name="testUserRegistrationWithExistingEmail" time="5.673"/>
  <testcase classname="tests.RegisterTest" name="testUserRegistrationWithPasswordMismatch" time="2.582"/>
  <testcase classname="tests.RegisterTest" name="testUserRegistrationWithWeakPassword" time="4.283"/>
  <testcase classname="tests.RegisterTest" name="testUserRegistrationWithEmptyFields" time="1.041"/>
</testsuite> <!-- Register Tests -->
